\BOOKMARK [0][-]{chapter.1}{\376\377\0001\000\040\000D\000o\000c\000u\000m\000e\000n\000t\000a\000t\000i\000o\000n\000\040\000f\000o\000r\000\040\000l\000i\000b\000p\000y\000r\000a\000m\000i\000c\000i\000o}{}% 1
\BOOKMARK [1][-]{section.1.1}{\376\377\0001\000.\0001\000\040\000W\000h\000a\000t\000\040\000i\000s\000\040\000l\000i\000b\000p\000y\000r\000a\000m\000i\000c\000i\000o\000\040\000?}{chapter.1}% 2
\BOOKMARK [1][-]{section.1.2}{\376\377\0001\000.\0002\000\040\000H\000o\000w\000\040\000t\000o\000\040\000u\000s\000e\000\040\000i\000t\000\040\000?}{chapter.1}% 3
\BOOKMARK [0][-]{chapter.2}{\376\377\0002\000\040\000C\000l\000a\000s\000s\000\040\000I\000n\000d\000e\000x}{}% 4
\BOOKMARK [1][-]{section.2.1}{\376\377\0002\000.\0001\000\040\000C\000l\000a\000s\000s\000\040\000L\000i\000s\000t}{chapter.2}% 5
\BOOKMARK [0][-]{chapter.3}{\376\377\0003\000\040\000F\000i\000l\000e\000\040\000I\000n\000d\000e\000x}{}% 6
\BOOKMARK [1][-]{section.3.1}{\376\377\0003\000.\0001\000\040\000F\000i\000l\000e\000\040\000L\000i\000s\000t}{chapter.3}% 7
\BOOKMARK [0][-]{chapter.4}{\376\377\0004\000\040\000C\000l\000a\000s\000s\000\040\000D\000o\000c\000u\000m\000e\000n\000t\000a\000t\000i\000o\000n}{}% 8
\BOOKMARK [1][-]{section.4.1}{\376\377\0004\000.\0001\000\040\000i\000n\000p\000u\000t\000B\000u\000f\000f\000e\000r\000\040\000S\000t\000r\000u\000c\000t\000\040\000R\000e\000f\000e\000r\000e\000n\000c\000e}{chapter.4}% 9
\BOOKMARK [2][-]{subsection.4.1.1}{\376\377\0004\000.\0001\000.\0001\000\040\000D\000e\000t\000a\000i\000l\000e\000d\000\040\000D\000e\000s\000c\000r\000i\000p\000t\000i\000o\000n}{section.4.1}% 10
\BOOKMARK [2][-]{subsection.4.1.2}{\376\377\0004\000.\0001\000.\0002\000\040\000M\000e\000m\000b\000e\000r\000\040\000D\000a\000t\000a\000\040\000D\000o\000c\000u\000m\000e\000n\000t\000a\000t\000i\000o\000n}{section.4.1}% 11
\BOOKMARK [3][-]{subsubsection.4.1.2.1}{\376\377\0004\000.\0001\000.\0002\000.\0001\000\040\000m\000i\000c\000r\000o\000p\000h\000o\000n\000e\000C\000o\000u\000n\000t}{subsection.4.1.2}% 12
\BOOKMARK [3][-]{subsubsection.4.1.2.2}{\376\377\0004\000.\0001\000.\0002\000.\0002\000\040\000s\000a\000m\000p\000l\000e\000s}{subsection.4.1.2}% 13
\BOOKMARK [3][-]{subsubsection.4.1.2.3}{\376\377\0004\000.\0001\000.\0002\000.\0003\000\040\000s\000a\000m\000p\000l\000e\000s\000P\000e\000r\000M\000i\000c}{subsection.4.1.2}% 14
\BOOKMARK [3][-]{subsubsection.4.1.2.4}{\376\377\0004\000.\0001\000.\0002\000.\0004\000\040\000t\000o\000t\000a\000l\000S\000a\000m\000p\000l\000e\000C\000o\000u\000n\000t}{subsection.4.1.2}% 15
\BOOKMARK [1][-]{section.4.2}{\376\377\0004\000.\0002\000\040\000o\000u\000t\000p\000u\000t\000B\000u\000f\000f\000e\000r\000\040\000S\000t\000r\000u\000c\000t\000\040\000R\000e\000f\000e\000r\000e\000n\000c\000e}{chapter.4}% 16
\BOOKMARK [2][-]{subsection.4.2.1}{\376\377\0004\000.\0002\000.\0001\000\040\000D\000e\000t\000a\000i\000l\000e\000d\000\040\000D\000e\000s\000c\000r\000i\000p\000t\000i\000o\000n}{section.4.2}% 17
\BOOKMARK [1][-]{section.4.3}{\376\377\0004\000.\0003\000\040\000p\000y\000r\000a\000m\000i\000c\000\040\000S\000t\000r\000u\000c\000t\000\040\000R\000e\000f\000e\000r\000e\000n\000c\000e}{chapter.4}% 18
\BOOKMARK [2][-]{subsection.4.3.1}{\376\377\0004\000.\0003\000.\0001\000\040\000D\000e\000t\000a\000i\000l\000e\000d\000\040\000D\000e\000s\000c\000r\000i\000p\000t\000i\000o\000n}{section.4.3}% 19
\BOOKMARK [0][-]{chapter.5}{\376\377\0005\000\040\000F\000i\000l\000e\000\040\000D\000o\000c\000u\000m\000e\000n\000t\000a\000t\000i\000o\000n}{}% 20
\BOOKMARK [1][-]{section.5.1}{\376\377\0005\000.\0001\000\040\000p\000y\000r\000a\000m\000i\000c\000i\000o\000.\000h\000\040\000F\000i\000l\000e\000\040\000R\000e\000f\000e\000r\000e\000n\000c\000e}{chapter.5}% 21
\BOOKMARK [2][-]{subsection.5.1.1}{\376\377\0005\000.\0001\000.\0001\000\040\000D\000e\000t\000a\000i\000l\000e\000d\000\040\000D\000e\000s\000c\000r\000i\000p\000t\000i\000o\000n}{section.5.1}% 22
\BOOKMARK [2][-]{subsection.5.1.2}{\376\377\0005\000.\0001\000.\0002\000\040\000F\000u\000n\000c\000t\000i\000o\000n\000\040\000D\000o\000c\000u\000m\000e\000n\000t\000a\000t\000i\000o\000n}{section.5.1}% 23
\BOOKMARK [3][-]{subsubsection.5.1.2.1}{\376\377\0005\000.\0001\000.\0002\000.\0001\000\040\000p\000y\000r\000a\000m\000i\000c\000A\000l\000l\000o\000c\000a\000t\000e\000O\000u\000t\000p\000u\000t\000B\000u\000f\000f\000e\000r\000\050\000\051}{subsection.5.1.2}% 24
\BOOKMARK [3][-]{subsubsection.5.1.2.2}{\376\377\0005\000.\0001\000.\0002\000.\0002\000\040\000p\000y\000r\000a\000m\000i\000c\000D\000e\000a\000l\000l\000o\000c\000a\000t\000e\000O\000u\000t\000p\000u\000t\000B\000u\000f\000f\000e\000r\000\050\000\051}{subsection.5.1.2}% 25
\BOOKMARK [3][-]{subsubsection.5.1.2.3}{\376\377\0005\000.\0001\000.\0002\000.\0003\000\040\000p\000y\000r\000a\000m\000i\000c\000D\000e\000i\000n\000i\000t\000P\000y\000r\000a\000m\000i\000c\000\050\000\051}{subsection.5.1.2}% 26
\BOOKMARK [3][-]{subsubsection.5.1.2.4}{\376\377\0005\000.\0001\000.\0002\000.\0004\000\040\000p\000y\000r\000a\000m\000i\000c\000F\000i\000x\000e\000d\000L\000e\000n\000g\000t\000h\000C\000a\000p\000t\000u\000r\000e\000\050\000\051}{subsection.5.1.2}% 27
\BOOKMARK [3][-]{subsubsection.5.1.2.5}{\376\377\0005\000.\0001\000.\0002\000.\0005\000\040\000p\000y\000r\000a\000m\000i\000c\000G\000e\000t\000C\000u\000r\000r\000e\000n\000t\000B\000u\000f\000f\000e\000r\000H\000a\000l\000f\000\050\000\051}{subsection.5.1.2}% 28
\BOOKMARK [3][-]{subsubsection.5.1.2.6}{\376\377\0005\000.\0001\000.\0002\000.\0006\000\040\000p\000y\000r\000a\000m\000i\000c\000G\000e\000t\000I\000n\000p\000u\000t\000B\000u\000f\000f\000e\000r\000\050\000\051}{subsection.5.1.2}% 29
\BOOKMARK [3][-]{subsubsection.5.1.2.7}{\376\377\0005\000.\0001\000.\0002\000.\0007\000\040\000p\000y\000r\000a\000m\000i\000c\000I\000n\000i\000t\000i\000a\000l\000i\000z\000e\000P\000y\000r\000a\000m\000i\000c\000\050\000\051}{subsection.5.1.2}% 30
\BOOKMARK [3][-]{subsubsection.5.1.2.8}{\376\377\0005\000.\0001\000.\0002\000.\0008\000\040\000p\000y\000r\000a\000m\000i\000c\000S\000e\000l\000e\000c\000t\000O\000u\000t\000p\000u\000t\000S\000o\000u\000r\000c\000e\000\050\000\051}{subsection.5.1.2}% 31
\BOOKMARK [3][-]{subsubsection.5.1.2.9}{\376\377\0005\000.\0001\000.\0002\000.\0009\000\040\000p\000y\000r\000a\000m\000i\000c\000S\000e\000t\000O\000u\000t\000p\000u\000t\000B\000u\000f\000f\000e\000r\000\050\000\051}{subsection.5.1.2}% 32
\BOOKMARK [3][-]{subsubsection.5.1.2.10}{\376\377\0005\000.\0001\000.\0002\000.\0001\0000\000\040\000p\000y\000r\000a\000m\000i\000c\000S\000t\000a\000r\000t\000C\000a\000p\000t\000u\000r\000e\000\050\000\051}{subsection.5.1.2}% 33
\BOOKMARK [3][-]{subsubsection.5.1.2.11}{\376\377\0005\000.\0001\000.\0002\000.\0001\0001\000\040\000p\000y\000r\000a\000m\000i\000c\000S\000t\000o\000p\000C\000a\000p\000t\000u\000r\000e\000\050\000\051}{subsection.5.1.2}% 34
\BOOKMARK [0][-]{section*.8}{\376\377\000I\000n\000d\000e\000x}{}% 35
